<?xml version="1.0" encoding="UTF-8"?>
<!-- Generated by org.testng.reporters.JUnitReportReporter -->
<testsuite skipped="0" hostname="Nithya" name="org.test.Sample" tests="3" failures="0" timestamp="07 Dec 2022 03:21:03 GMT" time="9.292" errors="0">
  <testcase name="Test1" time="2.742" classname="org.test.Sample"/>
  <testcase name="Test1" time="2.571" classname="org.test.Sample"/>
  <testcase name="Test1" time="3.979" classname="org.test.Sample"/>
</testsuite> <!-- org.test.Sample -->
