<?xml version="1.0" encoding="UTF-8"?>
<!-- Generated by org.testng.reporters.JUnitReportReporter -->
<testsuite skipped="2" hostname="Nithya" name="org.test.Client" tests="9" failures="0" timestamp="06 Dec 2022 17:51:25 GMT" time="0.016" errors="0">
  <testcase name="test3" time="0.000" classname="org.test.Client"/>
  <testcase name="test3" time="0.000" classname="org.test.Client"/>
  <testcase name="test2" time="0.000" classname="org.test.Client"/>
  <testcase name="test3" time="0.000" classname="org.test.Client"/>
  <testcase name="test5" time="0.016" classname="org.test.Client"/>
  <testcase name="test3" time="0.000" classname="org.test.Client"/>
  <testcase name="test3" time="0.000" classname="org.test.Client"/>
  <testcase name="test1" classname="org.test.Client">
    <skipped/>
  </testcase> <!-- test1 -->
  <testcase name="test4" classname="org.test.Client">
    <skipped/>
  </testcase> <!-- test4 -->
</testsuite> <!-- org.test.Client -->
