<?xml version="1.0" encoding="UTF-8"?>
<!-- Generated by org.testng.reporters.JUnitReportReporter -->
<testsuite skipped="0" hostname="Nithya" name="org.test.Employee" tests="3" failures="0" timestamp="06 Dec 2022 17:51:25 GMT" time="0.016" errors="0">
  <testcase name="test22" time="0.000" classname="org.test.Employee"/>
  <testcase name="test33" time="0.000" classname="org.test.Employee"/>
  <testcase name="test11" time="0.016" classname="org.test.Employee"/>
</testsuite> <!-- org.test.Employee -->
