<?xml version="1.0" encoding="UTF-8"?>
<!-- Generated by org.testng.reporters.JUnitReportReporter -->
<testsuite skipped="0" hostname="Nithya" name="org.test.Company" tests="3" failures="0" timestamp="06 Dec 2022 17:51:25 GMT" time="0.007" errors="0">
  <testcase name="test30" time="0.007" classname="org.test.Company"/>
  <testcase name="test50" time="0.000" classname="org.test.Company"/>
  <testcase name="test10" time="0.000" classname="org.test.Company"/>
</testsuite> <!-- org.test.Company -->
